<?xml version="1.0" encoding="UTF-8"?>
<testng-results skipped="0" failed="0" ignored="0" total="1" passed="1">
  <reporter-output>
  </reporter-output>
  <suite name="Suite" duration-ms="9691" started-at="2017-08-18T12:52:22Z" finished-at="2017-08-18T12:52:32Z">
    <groups>
    </groups>
    <test name="Test" duration-ms="9691" started-at="2017-08-18T12:52:22Z" finished-at="2017-08-18T12:52:32Z">
      <class name="SampleFirefox">
        <test-method status="PASS" signature="testSample()[pri:0, instance:SampleFirefox@737996a0]" name="testSample" duration-ms="9679" started-at="2017-08-18T18:22:22Z" finished-at="2017-08-18T18:22:32Z">
          <reporter-output>
          </reporter-output>
        </test-method> <!-- testSample -->
      </class> <!-- SampleFirefox -->
    </test> <!-- Test -->
  </suite> <!-- Suite -->
</testng-results>
